<?xml version="1.0" encoding="UTF-8"?>
<!-- Generated by org.testng.reporters.JUnitReportReporter -->
<testsuite hostname="MacBook-Olga.local" failures="0" tests="2" name="MainTest" time="0.027" errors="0" timestamp="2022-04-28T16:18:06 CEST" skipped="0">
  <testcase classname="MainTest" name="testAbbr4" time="0.026"/>
  <system-out/>
  <testcase classname="MainTest" name="testAbbr8" time="0.001"/>
  <system-out/>
</testsuite> <!-- MainTest -->
